<?xml version="1.0" encoding="UTF-8"?>
<!-- Generated by org.testng.reporters.JUnitXMLReporter -->
<testsuite ignored="0" hostname="HP" failures="0" tests="4" name="Electronics " time="0.053" errors="0" timestamp="2022-08-04T21:26:22 IST">
  <testcase classname="testngdiscussion.Annotations" name="searchlaptop" time="0.004"/>
  <testcase classname="testngdiscussion.Annotations" name="searchmobile" time="0.001"/>
  <testcase classname="testngdiscussion.Annotations2" name="buyHeadPhones" time="0.001"/>
  <testcase classname="testngdiscussion.Annotations2" name="buyMouse" time="0.001"/>
</testsuite> <!-- Electronics  -->
