<?xml version="1.0" encoding="UTF-8"?>
<!-- Generated by org.testng.reporters.JUnitXMLReporter -->
<testsuite ignored="0" hostname="HP" failures="0" tests="4" name="Module Name" time="0.052" errors="0" timestamp="2022-08-04T20:37:20 IST">
  <testcase classname="testngdiscussion.Annotations" name="searchlaptop" time="0.005"/>
  <testcase classname="testngdiscussion.Annotations" name="searchmobile" time="0.001"/>
  <testcase classname="testngdiscussion.Annotations2" name="buyHeadPhones" time="0.001"/>
  <testcase classname="testngdiscussion.Annotations2" name="buyMouse" time="0.002"/>
</testsuite> <!-- Module Name -->
