<?xml version="1.0" encoding="UTF-8"?>
<!-- Generated by org.testng.reporters.JUnitXMLReporter -->
<testsuite ignored="2" hostname="HP" failures="1" tests="2" name="Default test(failed)" time="0.047" errors="0" timestamp="2022-10-05T19:07:13 IST">
  <testcase classname="testngdiscussion.ExecutingFailedTestCases" name="loginToApp" time="0.007">
    <failure type="java.util.NoSuchElementException">
      <![CDATA[java.util.NoSuchElementException
at testngdiscussion.ExecutingFailedTestCases.loginToApp(ExecutingFailedTestCases.java:20)
at java.base/java.util.ArrayList.forEach(ArrayList.java:1511)
... Removed 27 stack frames]]>
    </failure>
  </testcase> <!-- loginToApp -->
  <testcase classname="testngdiscussion.ExecutingFailedTestCases" name="navToAdminTab" time="0.0">
    <skipped/>
  </testcase> <!-- navToAdminTab -->
  <testcase classname="testngdiscussion.ExecutingFailedTestCases" name="getTitleOfPage" time="0.0">
    <ignored/>
  </testcase> <!-- getTitleOfPage -->
  <testcase classname="testngdiscussion.ExecutingFailedTestCases" name="handlingCheckBox" time="0.0">
    <ignored/>
  </testcase> <!-- handlingCheckBox -->
</testsuite> <!-- Default test(failed) -->
