<?xml version="1.0" encoding="UTF-8"?>
<!-- Generated by org.testng.reporters.JUnitXMLReporter -->
<testsuite ignored="0" hostname="HP" failures="0" tests="3" name="Amazon Test" time="46.583" errors="0" timestamp="2022-10-05T20:12:37 IST">
  <testcase classname="testngdiscussion.AmazonListnersTest" name="navToURL" time="17.082"/>
  <testcase classname="testngdiscussion.AmazonListnersTest" name="searchTest" time="2.892"/>
  <testcase classname="testngdiscussion.AmazonListnersTest" name="clickOnProductAndAdd" time="26.563"/>
</testsuite> <!-- Amazon Test -->
