<?xml version="1.0" encoding="UTF-8"?>
<!-- Generated by org.testng.reporters.JUnitXMLReporter -->
<testsuite ignored="3" hostname="HP" failures="1" tests="1" name="Default test(failed)(failed)" time="0.04" errors="0" timestamp="2022-08-04T14:31:11 IST">
  <testcase classname="testngdiscussion.ExecutingFailedTestCases" name="loginToApp" time="0.008">
    <failure type="java.util.NoSuchElementException">
      <![CDATA[java.util.NoSuchElementException
at testngdiscussion.ExecutingFailedTestCases.loginToApp(ExecutingFailedTestCases.java:20)
at java.base/java.util.ArrayList.forEach(ArrayList.java:1511)
... Removed 27 stack frames]]>
    </failure>
  </testcase> <!-- loginToApp -->
  <testcase classname="testngdiscussion.ExecutingFailedTestCases" name="navToAdminTab" time="0.0">
    <ignored/>
  </testcase> <!-- navToAdminTab -->
  <testcase classname="testngdiscussion.ExecutingFailedTestCases" name="getTitleOfPage" time="0.0">
    <ignored/>
  </testcase> <!-- getTitleOfPage -->
  <testcase classname="testngdiscussion.ExecutingFailedTestCases" name="handlingCheckBox" time="0.0">
    <ignored/>
  </testcase> <!-- handlingCheckBox -->
</testsuite> <!-- Default test(failed)(failed) -->
