<?xml version="1.0" encoding="UTF-8"?>
<testng-results ignored="0" total="3" passed="3" failed="0" skipped="0">
  <reporter-output>
  </reporter-output>
  <suite started-at="2022-10-05T20:11:51 IST" name="Suite" finished-at="2022-10-05T20:12:37 IST" duration-ms="46583">
    <groups>
    </groups>
    <test started-at="2022-10-05T20:11:51 IST" name="Amazon Test" finished-at="2022-10-05T20:12:37 IST" duration-ms="46583">
      <class name="testngdiscussion.AmazonListnersTest">
        <test-method signature="navToURL()[pri:1, instance:testngdiscussion.AmazonListnersTest@485966cc]" started-at="2022-10-05T20:11:51 IST" name="navToURL" finished-at="2022-10-05T20:12:08 IST" duration-ms="17082" status="PASS">
          <reporter-output>
          </reporter-output>
        </test-method> <!-- navToURL -->
        <test-method signature="searchTest()[pri:2, instance:testngdiscussion.AmazonListnersTest@485966cc]" started-at="2022-10-05T20:12:08 IST" name="searchTest" finished-at="2022-10-05T20:12:11 IST" duration-ms="2892" status="PASS">
          <reporter-output>
          </reporter-output>
        </test-method> <!-- searchTest -->
        <test-method signature="clickOnProductAndAdd()[pri:3, instance:testngdiscussion.AmazonListnersTest@485966cc]" started-at="2022-10-05T20:12:11 IST" name="clickOnProductAndAdd" finished-at="2022-10-05T20:12:37 IST" duration-ms="26563" status="PASS">
          <reporter-output>
          </reporter-output>
        </test-method> <!-- clickOnProductAndAdd -->
      </class> <!-- testngdiscussion.AmazonListnersTest -->
    </test> <!-- Amazon Test -->
  </suite> <!-- Suite -->
</testng-results>
