<?xml version="1.0" encoding="UTF-8"?>
<!-- Generated by org.testng.reporters.JUnitXMLReporter -->
<testsuite ignored="0" hostname="HP" failures="0" tests="4" name="Module Name(Admin)" time="0.043" errors="0" timestamp="2022-08-06T15:39:43 IST">
  <testcase classname="testngdiscussion.LoginTest" name="getAppUrl" time="0.004"/>
  <testcase classname="testngdiscussion.LoginTest" name="loginToApp" time="0.0"/>
  <testcase classname="testngdiscussion.Dashboard" name="handlingCheckbox" time="0.0"/>
  <testcase classname="testngdiscussion.Dashboard" name="navToCheckBoxes" time="0.0"/>
</testsuite> <!-- Module Name(Admin) -->
